<?xml version="1.0" encoding="UTF-8"?>
<testng-results ignored="0" total="1" passed="1" failed="0" skipped="0">
  <reporter-output>
  </reporter-output>
  <suite started-at="2022-07-15T13:03:09 CEST" name="Default suite" finished-at="2022-07-15T13:03:29 CEST" duration-ms="20583">
    <groups>
    </groups>
    <test started-at="2022-07-15T13:03:09 CEST" name="Default test" finished-at="2022-07-15T13:03:29 CEST" duration-ms="20583">
      <class name="tests.BuscarProductoTest">
        <test-method is-config="true" signature="beforeClass()[pri:0, instance:tests.BuscarProductoTest@140c9f39]" started-at="2022-07-15T13:03:09 CEST" name="beforeClass" finished-at="2022-07-15T13:03:18 CEST" duration-ms="9135" status="PASS">
          <reporter-output>
          </reporter-output>
        </test-method> <!-- beforeClass -->
        <test-method signature="test()[pri:0, instance:tests.BuscarProductoTest@140c9f39]" started-at="2022-07-15T13:03:18 CEST" name="test" finished-at="2022-07-15T13:03:29 CEST" duration-ms="11047" status="PASS">
          <reporter-output>
          </reporter-output>
        </test-method> <!-- test -->
        <test-method is-config="true" signature="tearDown()[pri:0, instance:tests.BuscarProductoTest@140c9f39]" started-at="2022-07-15T13:03:29 CEST" name="tearDown" finished-at="2022-07-15T13:03:29 CEST" duration-ms="372" status="PASS">
          <reporter-output>
          </reporter-output>
        </test-method> <!-- tearDown -->
      </class> <!-- tests.BuscarProductoTest -->
    </test> <!-- Default test -->
  </suite> <!-- Default suite -->
</testng-results>
